<?xml version="1.0" encoding="UTF-8"?>
<coverage generated="1676892416785" clover="3.2.0">
  <project timestamp="1676892416785" name="All files">
    <metrics statements="126" coveredstatements="25" conditionals="40" coveredconditionals="0" methods="35" coveredmethods="7" elements="201" coveredelements="32" complexity="0" loc="126" ncloc="126" packages="4" files="12" classes="12"/>
    <package name="src">
      <metrics statements="2" coveredstatements="0" conditionals="0" coveredconditionals="0" methods="1" coveredmethods="0"/>
      <file name="App.jsx" path="/home/respinosa/proyectos/pruebas/react/prueba inditex - podcastlist/podcaster/src/App.jsx">
        <metrics statements="1" coveredstatements="0" conditionals="0" coveredconditionals="0" methods="1" coveredmethods="0"/>
        <line num="12" count="0" type="stmt"/>
      </file>
      <file name="main.jsx" path="/home/respinosa/proyectos/pruebas/react/prueba inditex - podcastlist/podcaster/src/main.jsx">
        <metrics statements="1" coveredstatements="0" conditionals="0" coveredconditionals="0" methods="0" coveredmethods="0"/>
        <line num="6" count="0" type="stmt"/>
      </file>
    </package>
    <package name="src.components">
      <metrics statements="91" coveredstatements="1" conditionals="40" coveredconditionals="0" methods="28" coveredmethods="1"/>
      <file name="EpisodeDetail.jsx" path="/home/respinosa/proyectos/pruebas/react/prueba inditex - podcastlist/podcaster/src/components/EpisodeDetail.jsx">
        <metrics statements="26" coveredstatements="0" conditionals="12" coveredconditionals="0" methods="5" coveredmethods="0"/>
        <line num="9" count="0" type="stmt"/>
        <line num="11" count="0" type="stmt"/>
        <line num="12" count="0" type="stmt"/>
        <line num="14" count="0" type="stmt"/>
        <line num="15" count="0" type="stmt"/>
        <line num="16" count="0" type="stmt"/>
        <line num="17" count="0" type="stmt"/>
        <line num="19" count="0" type="stmt"/>
        <line num="21" count="0" type="cond" truecount="0" falsecount="4"/>
        <line num="22" count="0" type="stmt"/>
        <line num="23" count="0" type="stmt"/>
        <line num="24" count="0" type="stmt"/>
        <line num="29" count="0" type="cond" truecount="0" falsecount="4"/>
        <line num="30" count="0" type="stmt"/>
        <line num="31" count="0" type="stmt"/>
        <line num="32" count="0" type="stmt"/>
        <line num="33" count="0" type="stmt"/>
        <line num="34" count="0" type="stmt"/>
        <line num="37" count="0" type="stmt"/>
        <line num="38" count="0" type="stmt"/>
        <line num="42" count="0" type="cond" truecount="0" falsecount="4"/>
        <line num="43" count="0" type="stmt"/>
        <line num="46" count="0" type="stmt"/>
        <line num="47" count="0" type="stmt"/>
        <line num="50" count="0" type="stmt"/>
        <line num="52" count="0" type="stmt"/>
      </file>
      <file name="EpisodesList.jsx" path="/home/respinosa/proyectos/pruebas/react/prueba inditex - podcastlist/podcaster/src/components/EpisodesList.jsx">
        <metrics statements="4" coveredstatements="0" conditionals="2" coveredconditionals="0" methods="3" coveredmethods="0"/>
        <line num="8" count="0" type="stmt"/>
        <line num="9" count="0" type="stmt"/>
        <line num="28" count="0" type="stmt"/>
        <line num="50" count="0" type="stmt"/>
      </file>
      <file name="LoadingIndicator.jsx" path="/home/respinosa/proyectos/pruebas/react/prueba inditex - podcastlist/podcaster/src/components/LoadingIndicator.jsx">
        <metrics statements="11" coveredstatements="0" conditionals="2" coveredconditionals="0" methods="4" coveredmethods="0"/>
        <line num="5" count="0" type="stmt"/>
        <line num="6" count="0" type="stmt"/>
        <line num="8" count="0" type="stmt"/>
        <line num="9" count="0" type="stmt"/>
        <line num="10" count="0" type="stmt"/>
        <line num="13" count="0" type="stmt"/>
        <line num="15" count="0" type="stmt"/>
        <line num="16" count="0" type="stmt"/>
        <line num="20" count="0" type="cond" truecount="0" falsecount="2"/>
        <line num="21" count="0" type="stmt"/>
        <line num="24" count="0" type="stmt"/>
      </file>
      <file name="NavBar.jsx" path="/home/respinosa/proyectos/pruebas/react/prueba inditex - podcastlist/podcaster/src/components/NavBar.jsx">
        <metrics statements="1" coveredstatements="1" conditionals="0" coveredconditionals="0" methods="1" coveredmethods="1"/>
        <line num="5" count="1" type="stmt"/>
      </file>
      <file name="PodcastDetail.jsx" path="/home/respinosa/proyectos/pruebas/react/prueba inditex - podcastlist/podcaster/src/components/PodcastDetail.jsx">
        <metrics statements="22" coveredstatements="0" conditionals="12" coveredconditionals="0" methods="5" coveredmethods="0"/>
        <line num="9" count="0" type="stmt"/>
        <line num="10" count="0" type="stmt"/>
        <line num="12" count="0" type="stmt"/>
        <line num="13" count="0" type="stmt"/>
        <line num="14" count="0" type="stmt"/>
        <line num="15" count="0" type="stmt"/>
        <line num="16" count="0" type="stmt"/>
        <line num="19" count="0" type="cond" truecount="0" falsecount="4"/>
        <line num="20" count="0" type="stmt"/>
        <line num="21" count="0" type="stmt"/>
        <line num="22" count="0" type="stmt"/>
        <line num="26" count="0" type="cond" truecount="0" falsecount="2"/>
        <line num="30" count="0" type="stmt"/>
        <line num="31" count="0" type="stmt"/>
        <line num="32" count="0" type="stmt"/>
        <line num="35" count="0" type="stmt"/>
        <line num="39" count="0" type="stmt"/>
        <line num="40" count="0" type="cond" truecount="0" falsecount="2"/>
        <line num="41" count="0" type="stmt"/>
        <line num="45" count="0" type="cond" truecount="0" falsecount="2"/>
        <line num="46" count="0" type="stmt"/>
        <line num="48" count="0" type="stmt"/>
      </file>
      <file name="PodcastInfo.jsx" path="/home/respinosa/proyectos/pruebas/react/prueba inditex - podcastlist/podcaster/src/components/PodcastInfo.jsx">
        <metrics statements="7" coveredstatements="0" conditionals="6" coveredconditionals="0" methods="2" coveredmethods="0"/>
        <line num="7" count="0" type="stmt"/>
        <line num="8" count="0" type="stmt"/>
        <line num="9" count="0" type="stmt"/>
        <line num="11" count="0" type="stmt"/>
        <line num="13" count="0" type="stmt"/>
        <line num="53" count="0" type="stmt"/>
        <line num="58" count="0" type="stmt"/>
      </file>
      <file name="PodcastList.jsx" path="/home/respinosa/proyectos/pruebas/react/prueba inditex - podcastlist/podcaster/src/components/PodcastList.jsx">
        <metrics statements="17" coveredstatements="0" conditionals="6" coveredconditionals="0" methods="6" coveredmethods="0"/>
        <line num="9" count="0" type="stmt"/>
        <line num="10" count="0" type="stmt"/>
        <line num="11" count="0" type="stmt"/>
        <line num="14" count="0" type="stmt"/>
        <line num="15" count="0" type="stmt"/>
        <line num="16" count="0" type="stmt"/>
        <line num="17" count="0" type="cond" truecount="0" falsecount="2"/>
        <line num="21" count="0" type="stmt"/>
        <line num="23" count="0" type="stmt"/>
        <line num="24" count="0" type="stmt"/>
        <line num="25" count="0" type="stmt"/>
        <line num="26" count="0" type="stmt"/>
        <line num="31" count="0" type="stmt"/>
        <line num="32" count="0" type="stmt"/>
        <line num="35" count="0" type="cond" truecount="0" falsecount="2"/>
        <line num="41" count="0" type="stmt"/>
        <line num="50" count="0" type="stmt"/>
      </file>
      <file name="SearchBar.jsx" path="/home/respinosa/proyectos/pruebas/react/prueba inditex - podcastlist/podcaster/src/components/SearchBar.jsx">
        <metrics statements="3" coveredstatements="0" conditionals="0" coveredconditionals="0" methods="2" coveredmethods="0"/>
        <line num="10" count="0" type="stmt"/>
        <line num="17" count="0" type="stmt"/>
        <line num="23" count="0" type="stmt"/>
      </file>
    </package>
    <package name="src.services">
      <metrics statements="23" coveredstatements="14" conditionals="0" coveredconditionals="0" methods="3" coveredmethods="3"/>
      <file name="podcasts.js" path="/home/respinosa/proyectos/pruebas/react/prueba inditex - podcastlist/podcaster/src/services/podcasts.js">
        <metrics statements="23" coveredstatements="14" conditionals="0" coveredconditionals="0" methods="3" coveredmethods="3"/>
        <line num="2" count="1" type="stmt"/>
        <line num="5" count="1" type="stmt"/>
        <line num="6" count="1" type="stmt"/>
        <line num="7" count="0" type="stmt"/>
        <line num="8" count="0" type="stmt"/>
        <line num="9" count="0" type="stmt"/>
        <line num="11" count="1" type="stmt"/>
        <line num="12" count="1" type="stmt"/>
        <line num="17" count="1" type="stmt"/>
        <line num="18" count="1" type="stmt"/>
        <line num="19" count="1" type="stmt"/>
        <line num="22" count="0" type="stmt"/>
        <line num="23" count="0" type="stmt"/>
        <line num="24" count="0" type="stmt"/>
        <line num="26" count="1" type="stmt"/>
        <line num="27" count="1" type="stmt"/>
        <line num="32" count="1" type="stmt"/>
        <line num="33" count="1" type="stmt"/>
        <line num="36" count="0" type="stmt"/>
        <line num="37" count="0" type="stmt"/>
        <line num="38" count="0" type="stmt"/>
        <line num="40" count="1" type="stmt"/>
        <line num="41" count="1" type="stmt"/>
      </file>
    </package>
    <package name="src.utils">
      <metrics statements="10" coveredstatements="10" conditionals="0" coveredconditionals="0" methods="3" coveredmethods="3"/>
      <file name="utils.js" path="/home/respinosa/proyectos/pruebas/react/prueba inditex - podcastlist/podcaster/src/utils/utils.js">
        <metrics statements="10" coveredstatements="10" conditionals="0" coveredconditionals="0" methods="3" coveredmethods="3"/>
        <line num="2" count="1" type="stmt"/>
        <line num="3" count="3" type="stmt"/>
        <line num="4" count="3" type="stmt"/>
        <line num="5" count="3" type="stmt"/>
        <line num="6" count="3" type="stmt"/>
        <line num="7" count="3" type="stmt"/>
        <line num="9" count="9" type="stmt"/>
        <line num="11" count="3" type="stmt"/>
        <line num="15" count="1" type="stmt"/>
        <line num="16" count="2" type="stmt"/>
      </file>
    </package>
  </project>
</coverage>
