{"/home/respinosa/proyectos/pruebas/react/prueba inditex - podcastlist/podcaster/src/App.jsx": {"path":"/home/respinosa/proyectos/pruebas/react/prueba inditex - podcastlist/podcaster/src/App.jsx","statementMap":{"0":{"start":{"line":12,"column":2},"end":{"line":24,"column":3}}},"fnMap":{"0":{"name":"App","decl":{"start":{"line":11,"column":24},"end":{"line":11,"column":27}},"loc":{"start":{"line":11,"column":30},"end":{"line":25,"column":1}},"line":11}},"branchMap":{},"s":{"0":0},"f":{"0":0},"b":{}}
,"/home/respinosa/proyectos/pruebas/react/prueba inditex - podcastlist/podcaster/src/main.jsx": {"path":"/home/respinosa/proyectos/pruebas/react/prueba inditex - podcastlist/podcaster/src/main.jsx","statementMap":{"0":{"start":{"line":6,"column":0},"end":{"line":12,"column":1}}},"fnMap":{},"branchMap":{},"s":{"0":0},"f":{},"b":{}}
,"/home/respinosa/proyectos/pruebas/react/prueba inditex - podcastlist/podcaster/src/components/EpisodeDetail.jsx": {"path":"/home/respinosa/proyectos/pruebas/react/prueba inditex - podcastlist/podcaster/src/components/EpisodeDetail.jsx","statementMap":{"0":{"start":{"line":9,"column":28},"end":{"line":9,"column":39}},"1":{"start":{"line":11,"column":36},"end":{"line":11,"column":50}},"2":{"start":{"line":12,"column":34},"end":{"line":12,"column":48}},"3":{"start":{"line":14,"column":24},"end":{"line":14,"column":61}},"4":{"start":{"line":15,"column":26},"end":{"line":15,"column":71}},"5":{"start":{"line":16,"column":14},"end":{"line":16,"column":24}},"6":{"start":{"line":17,"column":31},"end":{"line":17,"column":50}},"7":{"start":{"line":19,"column":2},"end":{"line":40,"column":10}},"8":{"start":{"line":21,"column":4},"end":{"line":26,"column":5}},"9":{"start":{"line":22,"column":6},"end":{"line":25,"column":8}},"10":{"start":{"line":23,"column":8},"end":{"line":23,"column":62}},"11":{"start":{"line":24,"column":8},"end":{"line":24,"column":61}},"12":{"start":{"line":29,"column":4},"end":{"line":39,"column":5}},"13":{"start":{"line":30,"column":6},"end":{"line":35,"column":8}},"14":{"start":{"line":31,"column":8},"end":{"line":31,"column":58}},"15":{"start":{"line":32,"column":8},"end":{"line":32,"column":76}},"16":{"start":{"line":33,"column":8},"end":{"line":33,"column":33}},"17":{"start":{"line":34,"column":8},"end":{"line":34,"column":27}},"18":{"start":{"line":37,"column":6},"end":{"line":37,"column":69}},"19":{"start":{"line":38,"column":6},"end":{"line":38,"column":25}},"20":{"start":{"line":42,"column":2},"end":{"line":44,"column":3}},"21":{"start":{"line":43,"column":4},"end":{"line":43,"column":30}},"22":{"start":{"line":46,"column":26},"end":{"line":48,"column":3}},"23":{"start":{"line":47,"column":17},"end":{"line":47,"column":56}},"24":{"start":{"line":50,"column":2},"end":{"line":50,"column":51}},"25":{"start":{"line":52,"column":2},"end":{"line":65,"column":3}}},"fnMap":{"0":{"name":"EpisodeDetail","decl":{"start":{"line":8,"column":24},"end":{"line":8,"column":37}},"loc":{"start":{"line":8,"column":40},"end":{"line":66,"column":1}},"line":8},"1":{"name":"(anonymous_1)","decl":{"start":{"line":19,"column":12},"end":{"line":19,"column":13}},"loc":{"start":{"line":19,"column":18},"end":{"line":40,"column":3}},"line":19},"2":{"name":"(anonymous_2)","decl":{"start":{"line":22,"column":32},"end":{"line":22,"column":33}},"loc":{"start":{"line":22,"column":42},"end":{"line":25,"column":7}},"line":22},"3":{"name":"(anonymous_3)","decl":{"start":{"line":30,"column":42},"end":{"line":30,"column":43}},"loc":{"start":{"line":30,"column":60},"end":{"line":35,"column":7}},"line":30},"4":{"name":"(anonymous_4)","decl":{"start":{"line":47,"column":4},"end":{"line":47,"column":5}},"loc":{"start":{"line":47,"column":17},"end":{"line":47,"column":56}},"line":47}},"branchMap":{"0":{"loc":{"start":{"line":21,"column":4},"end":{"line":26,"column":5}},"type":"if","locations":[{"start":{"line":21,"column":4},"end":{"line":26,"column":5}},{"start":{},"end":{}}],"line":21},"1":{"loc":{"start":{"line":21,"column":8},"end":{"line":21,"column":74}},"type":"binary-expr","locations":[{"start":{"line":21,"column":8},"end":{"line":21,"column":22}},{"start":{"line":21,"column":26},"end":{"line":21,"column":74}}],"line":21},"2":{"loc":{"start":{"line":29,"column":4},"end":{"line":39,"column":5}},"type":"if","locations":[{"start":{"line":29,"column":4},"end":{"line":39,"column":5}},{"start":{"line":36,"column":11},"end":{"line":39,"column":5}}],"line":29},"3":{"loc":{"start":{"line":29,"column":8},"end":{"line":29,"column":82}},"type":"binary-expr","locations":[{"start":{"line":29,"column":8},"end":{"line":29,"column":24}},{"start":{"line":29,"column":28},"end":{"line":29,"column":82}}],"line":29},"4":{"loc":{"start":{"line":42,"column":2},"end":{"line":44,"column":3}},"type":"if","locations":[{"start":{"line":42,"column":2},"end":{"line":44,"column":3}},{"start":{},"end":{}}],"line":42},"5":{"loc":{"start":{"line":42,"column":6},"end":{"line":42,"column":28}},"type":"binary-expr","locations":[{"start":{"line":42,"column":6},"end":{"line":42,"column":15}},{"start":{"line":42,"column":19},"end":{"line":42,"column":28}}],"line":42}},"s":{"0":0,"1":0,"2":0,"3":0,"4":0,"5":0,"6":0,"7":0,"8":0,"9":0,"10":0,"11":0,"12":0,"13":0,"14":0,"15":0,"16":0,"17":0,"18":0,"19":0,"20":0,"21":0,"22":0,"23":0,"24":0,"25":0},"f":{"0":0,"1":0,"2":0,"3":0,"4":0},"b":{"0":[0,0],"1":[0,0],"2":[0,0],"3":[0,0],"4":[0,0],"5":[0,0]}}
,"/home/respinosa/proyectos/pruebas/react/prueba inditex - podcastlist/podcaster/src/components/EpisodesList.jsx": {"path":"/home/respinosa/proyectos/pruebas/react/prueba inditex - podcastlist/podcaster/src/components/EpisodesList.jsx","statementMap":{"0":{"start":{"line":8,"column":26},"end":{"line":8,"column":96}},"1":{"start":{"line":8,"column":55},"end":{"line":8,"column":95}},"2":{"start":{"line":9,"column":2},"end":{"line":47,"column":3}},"3":{"start":{"line":28,"column":16},"end":{"line":41,"column":21}},"4":{"start":{"line":50,"column":0},"end":{"line":61,"column":1}}},"fnMap":{"0":{"name":"EpisodesList","decl":{"start":{"line":7,"column":24},"end":{"line":7,"column":36}},"loc":{"start":{"line":7,"column":62},"end":{"line":48,"column":1}},"line":7},"1":{"name":"(anonymous_1)","decl":{"start":{"line":8,"column":42},"end":{"line":8,"column":43}},"loc":{"start":{"line":8,"column":55},"end":{"line":8,"column":95}},"line":8},"2":{"name":"(anonymous_2)","decl":{"start":{"line":27,"column":33},"end":{"line":27,"column":34}},"loc":{"start":{"line":28,"column":16},"end":{"line":41,"column":21}},"line":28}},"branchMap":{"0":{"loc":{"start":{"line":30,"column":29},"end":{"line":30,"column":57}},"type":"cond-expr","locations":[{"start":{"line":30,"column":47},"end":{"line":30,"column":52}},{"start":{"line":30,"column":55},"end":{"line":30,"column":57}}],"line":30}},"s":{"0":0,"1":0,"2":0,"3":0,"4":0},"f":{"0":0,"1":0,"2":0},"b":{"0":[0,0]}}
,"/home/respinosa/proyectos/pruebas/react/prueba inditex - podcastlist/podcaster/src/components/LoadingIndicator.jsx": {"path":"/home/respinosa/proyectos/pruebas/react/prueba inditex - podcastlist/podcaster/src/components/LoadingIndicator.jsx","statementMap":{"0":{"start":{"line":5,"column":32},"end":{"line":5,"column":46}},"1":{"start":{"line":6,"column":19},"end":{"line":6,"column":32}},"2":{"start":{"line":8,"column":2},"end":{"line":18,"column":26}},"3":{"start":{"line":9,"column":23},"end":{"line":11,"column":5}},"4":{"start":{"line":10,"column":6},"end":{"line":10,"column":24}},"5":{"start":{"line":13,"column":4},"end":{"line":13,"column":48}},"6":{"start":{"line":15,"column":4},"end":{"line":17,"column":6}},"7":{"start":{"line":16,"column":6},"end":{"line":16,"column":53}},"8":{"start":{"line":20,"column":2},"end":{"line":22,"column":3}},"9":{"start":{"line":21,"column":4},"end":{"line":21,"column":16}},"10":{"start":{"line":24,"column":2},"end":{"line":28,"column":4}}},"fnMap":{"0":{"name":"LoadingIndicator","decl":{"start":{"line":4,"column":9},"end":{"line":4,"column":25}},"loc":{"start":{"line":4,"column":28},"end":{"line":29,"column":1}},"line":4},"1":{"name":"(anonymous_1)","decl":{"start":{"line":8,"column":12},"end":{"line":8,"column":13}},"loc":{"start":{"line":8,"column":18},"end":{"line":18,"column":3}},"line":8},"2":{"name":"(anonymous_2)","decl":{"start":{"line":9,"column":23},"end":{"line":9,"column":24}},"loc":{"start":{"line":9,"column":29},"end":{"line":11,"column":5}},"line":9},"3":{"name":"(anonymous_3)","decl":{"start":{"line":15,"column":11},"end":{"line":15,"column":12}},"loc":{"start":{"line":15,"column":17},"end":{"line":17,"column":5}},"line":15}},"branchMap":{"0":{"loc":{"start":{"line":20,"column":2},"end":{"line":22,"column":3}},"type":"if","locations":[{"start":{"line":20,"column":2},"end":{"line":22,"column":3}},{"start":{},"end":{}}],"line":20}},"s":{"0":0,"1":0,"2":0,"3":0,"4":0,"5":0,"6":0,"7":0,"8":0,"9":0,"10":0},"f":{"0":0,"1":0,"2":0,"3":0},"b":{"0":[0,0]}}
,"/home/respinosa/proyectos/pruebas/react/prueba inditex - podcastlist/podcaster/src/components/NavBar.jsx": {"path":"/home/respinosa/proyectos/pruebas/react/prueba inditex - podcastlist/podcaster/src/components/NavBar.jsx","statementMap":{"0":{"start":{"line":5,"column":2},"end":{"line":11,"column":3}}},"fnMap":{"0":{"name":"NavBar","decl":{"start":{"line":4,"column":16},"end":{"line":4,"column":22}},"loc":{"start":{"line":4,"column":25},"end":{"line":12,"column":1}},"line":4}},"branchMap":{},"s":{"0":1},"f":{"0":1},"b":{},"_coverageSchema":"1a1c01bbd47fc00a2c39e90264f33305004495a9","hash":"303b1ec927e0931d1fb0b9ca7d8f34f714723bfa"}
,"/home/respinosa/proyectos/pruebas/react/prueba inditex - podcastlist/podcaster/src/components/PodcastDetail.jsx": {"path":"/home/respinosa/proyectos/pruebas/react/prueba inditex - podcastlist/podcaster/src/components/PodcastDetail.jsx","statementMap":{"0":{"start":{"line":9,"column":17},"end":{"line":9,"column":28}},"1":{"start":{"line":10,"column":34},"end":{"line":10,"column":48}},"2":{"start":{"line":12,"column":2},"end":{"line":37,"column":8}},"3":{"start":{"line":13,"column":28},"end":{"line":13,"column":73}},"4":{"start":{"line":14,"column":26},"end":{"line":14,"column":63}},"5":{"start":{"line":15,"column":16},"end":{"line":15,"column":26}},"6":{"start":{"line":16,"column":33},"end":{"line":16,"column":52}},"7":{"start":{"line":19,"column":4},"end":{"line":24,"column":5}},"8":{"start":{"line":20,"column":6},"end":{"line":23,"column":8}},"9":{"start":{"line":21,"column":8},"end":{"line":21,"column":62}},"10":{"start":{"line":22,"column":8},"end":{"line":22,"column":61}},"11":{"start":{"line":26,"column":4},"end":{"line":36,"column":5}},"12":{"start":{"line":30,"column":6},"end":{"line":33,"column":8}},"13":{"start":{"line":31,"column":8},"end":{"line":31,"column":25}},"14":{"start":{"line":32,"column":8},"end":{"line":32,"column":58}},"15":{"start":{"line":35,"column":6},"end":{"line":35,"column":69}},"16":{"start":{"line":39,"column":2},"end":{"line":43,"column":16}},"17":{"start":{"line":40,"column":4},"end":{"line":42,"column":5}},"18":{"start":{"line":41,"column":6},"end":{"line":41,"column":70}},"19":{"start":{"line":45,"column":2},"end":{"line":47,"column":3}},"20":{"start":{"line":46,"column":4},"end":{"line":46,"column":30}},"21":{"start":{"line":48,"column":2},"end":{"line":53,"column":3}}},"fnMap":{"0":{"name":"PodcastDetail","decl":{"start":{"line":8,"column":24},"end":{"line":8,"column":37}},"loc":{"start":{"line":8,"column":40},"end":{"line":54,"column":1}},"line":8},"1":{"name":"(anonymous_1)","decl":{"start":{"line":12,"column":12},"end":{"line":12,"column":13}},"loc":{"start":{"line":12,"column":18},"end":{"line":37,"column":3}},"line":12},"2":{"name":"(anonymous_2)","decl":{"start":{"line":20,"column":32},"end":{"line":20,"column":33}},"loc":{"start":{"line":20,"column":42},"end":{"line":23,"column":7}},"line":20},"3":{"name":"(anonymous_3)","decl":{"start":{"line":30,"column":42},"end":{"line":30,"column":43}},"loc":{"start":{"line":30,"column":52},"end":{"line":33,"column":7}},"line":30},"4":{"name":"(anonymous_4)","decl":{"start":{"line":39,"column":12},"end":{"line":39,"column":13}},"loc":{"start":{"line":39,"column":18},"end":{"line":43,"column":3}},"line":39}},"branchMap":{"0":{"loc":{"start":{"line":19,"column":4},"end":{"line":24,"column":5}},"type":"if","locations":[{"start":{"line":19,"column":4},"end":{"line":24,"column":5}},{"start":{},"end":{}}],"line":19},"1":{"loc":{"start":{"line":19,"column":8},"end":{"line":19,"column":68}},"type":"binary-expr","locations":[{"start":{"line":19,"column":8},"end":{"line":19,"column":22}},{"start":{"line":19,"column":26},"end":{"line":19,"column":68}}],"line":19},"2":{"loc":{"start":{"line":26,"column":4},"end":{"line":36,"column":5}},"type":"if","locations":[{"start":{"line":26,"column":4},"end":{"line":36,"column":5}},{"start":{"line":34,"column":11},"end":{"line":36,"column":5}}],"line":26},"3":{"loc":{"start":{"line":27,"column":6},"end":{"line":28,"column":60}},"type":"binary-expr","locations":[{"start":{"line":27,"column":6},"end":{"line":27,"column":22}},{"start":{"line":28,"column":6},"end":{"line":28,"column":60}}],"line":27},"4":{"loc":{"start":{"line":40,"column":4},"end":{"line":42,"column":5}},"type":"if","locations":[{"start":{"line":40,"column":4},"end":{"line":42,"column":5}},{"start":{},"end":{}}],"line":40},"5":{"loc":{"start":{"line":45,"column":2},"end":{"line":47,"column":3}},"type":"if","locations":[{"start":{"line":45,"column":2},"end":{"line":47,"column":3}},{"start":{},"end":{}}],"line":45}},"s":{"0":0,"1":0,"2":0,"3":0,"4":0,"5":0,"6":0,"7":0,"8":0,"9":0,"10":0,"11":0,"12":0,"13":0,"14":0,"15":0,"16":0,"17":0,"18":0,"19":0,"20":0,"21":0},"f":{"0":0,"1":0,"2":0,"3":0,"4":0},"b":{"0":[0,0],"1":[0,0],"2":[0,0],"3":[0,0],"4":[0,0],"5":[0,0]}}
,"/home/respinosa/proyectos/pruebas/react/prueba inditex - podcastlist/podcaster/src/components/PodcastInfo.jsx": {"path":"/home/respinosa/proyectos/pruebas/react/prueba inditex - podcastlist/podcaster/src/components/PodcastInfo.jsx","statementMap":{"0":{"start":{"line":7,"column":27},"end":{"line":7,"column":71}},"1":{"start":{"line":8,"column":26},"end":{"line":10,"column":3}},"2":{"start":{"line":9,"column":14},"end":{"line":9,"column":55}},"3":{"start":{"line":11,"column":26},"end":{"line":11,"column":44}},"4":{"start":{"line":13,"column":2},"end":{"line":50,"column":3}},"5":{"start":{"line":53,"column":0},"end":{"line":56,"column":1}},"6":{"start":{"line":58,"column":0},"end":{"line":60,"column":1}}},"fnMap":{"0":{"name":"PodcastInfo","decl":{"start":{"line":6,"column":24},"end":{"line":6,"column":35}},"loc":{"start":{"line":6,"column":61},"end":{"line":51,"column":1}},"line":6},"1":{"name":"(anonymous_1)","decl":{"start":{"line":9,"column":4},"end":{"line":9,"column":5}},"loc":{"start":{"line":9,"column":14},"end":{"line":9,"column":55}},"line":9}},"branchMap":{"0":{"loc":{"start":{"line":15,"column":7},"end":{"line":30,"column":7}},"type":"cond-expr","locations":[{"start":{"line":16,"column":8},"end":{"line":24,"column":15}},{"start":{"line":26,"column":8},"end":{"line":29,"column":10}}],"line":15},"1":{"loc":{"start":{"line":32,"column":7},"end":{"line":38,"column":7}},"type":"cond-expr","locations":[{"start":{"line":33,"column":8},"end":{"line":35,"column":15}},{"start":{"line":37,"column":8},"end":{"line":37,"column":51}}],"line":32},"2":{"loc":{"start":{"line":39,"column":7},"end":{"line":45,"column":7}},"type":"cond-expr","locations":[{"start":{"line":40,"column":8},"end":{"line":42,"column":15}},{"start":{"line":44,"column":8},"end":{"line":44,"column":60}}],"line":39}},"s":{"0":0,"1":0,"2":0,"3":0,"4":0,"5":0,"6":0},"f":{"0":0,"1":0},"b":{"0":[0,0],"1":[0,0],"2":[0,0]}}
,"/home/respinosa/proyectos/pruebas/react/prueba inditex - podcastlist/podcaster/src/components/PodcastList.jsx": {"path":"/home/respinosa/proyectos/pruebas/react/prueba inditex - podcastlist/podcaster/src/components/PodcastList.jsx","statementMap":{"0":{"start":{"line":9,"column":34},"end":{"line":9,"column":46}},"1":{"start":{"line":10,"column":50},"end":{"line":10,"column":62}},"2":{"start":{"line":11,"column":38},"end":{"line":11,"column":50}},"3":{"start":{"line":14,"column":2},"end":{"line":29,"column":8}},"4":{"start":{"line":15,"column":26},"end":{"line":15,"column":63}},"5":{"start":{"line":16,"column":24},"end":{"line":16,"column":34}},"6":{"start":{"line":17,"column":4},"end":{"line":28,"column":5}},"7":{"start":{"line":21,"column":6},"end":{"line":21,"column":63}},"8":{"start":{"line":23,"column":6},"end":{"line":27,"column":8}},"9":{"start":{"line":24,"column":8},"end":{"line":24,"column":25}},"10":{"start":{"line":25,"column":8},"end":{"line":25,"column":62}},"11":{"start":{"line":26,"column":8},"end":{"line":26,"column":69}},"12":{"start":{"line":31,"column":2},"end":{"line":39,"column":28}},"13":{"start":{"line":32,"column":4},"end":{"line":38,"column":5}},"14":{"start":{"line":35,"column":10},"end":{"line":36,"column":69}},"15":{"start":{"line":41,"column":2},"end":{"line":66,"column":3}},"16":{"start":{"line":50,"column":10},"end":{"line":62,"column":16}}},"fnMap":{"0":{"name":"PodcastList","decl":{"start":{"line":8,"column":24},"end":{"line":8,"column":35}},"loc":{"start":{"line":8,"column":38},"end":{"line":67,"column":1}},"line":8},"1":{"name":"(anonymous_1)","decl":{"start":{"line":14,"column":12},"end":{"line":14,"column":13}},"loc":{"start":{"line":14,"column":18},"end":{"line":29,"column":3}},"line":14},"2":{"name":"(anonymous_2)","decl":{"start":{"line":23,"column":32},"end":{"line":23,"column":33}},"loc":{"start":{"line":23,"column":42},"end":{"line":27,"column":7}},"line":23},"3":{"name":"(anonymous_3)","decl":{"start":{"line":31,"column":12},"end":{"line":31,"column":13}},"loc":{"start":{"line":31,"column":18},"end":{"line":39,"column":3}},"line":31},"4":{"name":"(anonymous_4)","decl":{"start":{"line":34,"column":8},"end":{"line":34,"column":9}},"loc":{"start":{"line":35,"column":10},"end":{"line":36,"column":69}},"line":35},"5":{"name":"(anonymous_5)","decl":{"start":{"line":49,"column":30},"end":{"line":49,"column":31}},"loc":{"start":{"line":50,"column":10},"end":{"line":62,"column":16}},"line":50}},"branchMap":{"0":{"loc":{"start":{"line":17,"column":4},"end":{"line":28,"column":5}},"type":"if","locations":[{"start":{"line":17,"column":4},"end":{"line":28,"column":5}},{"start":{"line":22,"column":11},"end":{"line":28,"column":5}}],"line":17},"1":{"loc":{"start":{"line":18,"column":6},"end":{"line":19,"column":65}},"type":"binary-expr","locations":[{"start":{"line":18,"column":6},"end":{"line":18,"column":19}},{"start":{"line":19,"column":6},"end":{"line":19,"column":65}}],"line":18},"2":{"loc":{"start":{"line":35,"column":10},"end":{"line":36,"column":69}},"type":"binary-expr","locations":[{"start":{"line":35,"column":10},"end":{"line":35,"column":71}},{"start":{"line":36,"column":10},"end":{"line":36,"column":69}}],"line":35}},"s":{"0":0,"1":0,"2":0,"3":0,"4":0,"5":0,"6":0,"7":0,"8":0,"9":0,"10":0,"11":0,"12":0,"13":0,"14":0,"15":0,"16":0},"f":{"0":0,"1":0,"2":0,"3":0,"4":0,"5":0},"b":{"0":[0,0],"1":[0,0],"2":[0,0]}}
,"/home/respinosa/proyectos/pruebas/react/prueba inditex - podcastlist/podcaster/src/components/SearchBar.jsx": {"path":"/home/respinosa/proyectos/pruebas/react/prueba inditex - podcastlist/podcaster/src/components/SearchBar.jsx","statementMap":{"0":{"start":{"line":10,"column":2},"end":{"line":20,"column":3}},"1":{"start":{"line":17,"column":25},"end":{"line":17,"column":54}},"2":{"start":{"line":23,"column":0},"end":{"line":39,"column":1}}},"fnMap":{"0":{"name":"SearchBar","decl":{"start":{"line":5,"column":24},"end":{"line":5,"column":33}},"loc":{"start":{"line":9,"column":3},"end":{"line":21,"column":1}},"line":9},"1":{"name":"(anonymous_1)","decl":{"start":{"line":17,"column":18},"end":{"line":17,"column":19}},"loc":{"start":{"line":17,"column":25},"end":{"line":17,"column":54}},"line":17}},"branchMap":{},"s":{"0":0,"1":0,"2":0},"f":{"0":0,"1":0},"b":{}}
,"/home/respinosa/proyectos/pruebas/react/prueba inditex - podcastlist/podcaster/src/services/podcasts.js": {"path":"/home/respinosa/proyectos/pruebas/react/prueba inditex - podcastlist/podcaster/src/services/podcasts.js","statementMap":{"0":{"start":{"line":2,"column":2},"end":{"line":2,"column":73}},"1":{"start":{"line":5,"column":2},"end":{"line":13,"column":3}},"2":{"start":{"line":6,"column":21},"end":{"line":6,"column":41}},"3":{"start":{"line":7,"column":17},"end":{"line":7,"column":38}},"4":{"start":{"line":8,"column":4},"end":{"line":8,"column":36}},"5":{"start":{"line":9,"column":4},"end":{"line":9,"column":26}},"6":{"start":{"line":11,"column":4},"end":{"line":11,"column":22}},"7":{"start":{"line":12,"column":4},"end":{"line":12,"column":15}},"8":{"start":{"line":17,"column":2},"end":{"line":17,"column":23}},"9":{"start":{"line":18,"column":2},"end":{"line":28,"column":3}},"10":{"start":{"line":19,"column":21},"end":{"line":21,"column":5}},"11":{"start":{"line":22,"column":17},"end":{"line":22,"column":38}},"12":{"start":{"line":23,"column":4},"end":{"line":23,"column":45}},"13":{"start":{"line":24,"column":4},"end":{"line":24,"column":26}},"14":{"start":{"line":26,"column":4},"end":{"line":26,"column":22}},"15":{"start":{"line":27,"column":4},"end":{"line":27,"column":15}},"16":{"start":{"line":32,"column":2},"end":{"line":42,"column":3}},"17":{"start":{"line":33,"column":21},"end":{"line":35,"column":5}},"18":{"start":{"line":36,"column":17},"end":{"line":36,"column":38}},"19":{"start":{"line":37,"column":4},"end":{"line":37,"column":34}},"20":{"start":{"line":38,"column":4},"end":{"line":38,"column":23}},"21":{"start":{"line":40,"column":4},"end":{"line":40,"column":22}},"22":{"start":{"line":41,"column":4},"end":{"line":41,"column":15}}},"fnMap":{"0":{"name":"getAllPodcasts","decl":{"start":{"line":4,"column":22},"end":{"line":4,"column":36}},"loc":{"start":{"line":4,"column":39},"end":{"line":14,"column":1}},"line":4},"1":{"name":"getPodcastById","decl":{"start":{"line":16,"column":22},"end":{"line":16,"column":36}},"loc":{"start":{"line":16,"column":41},"end":{"line":29,"column":1}},"line":16},"2":{"name":"getEpisodesByPoscastId","decl":{"start":{"line":31,"column":22},"end":{"line":31,"column":44}},"loc":{"start":{"line":31,"column":49},"end":{"line":43,"column":1}},"line":31}},"branchMap":{},"s":{"0":1,"1":1,"2":1,"3":0,"4":0,"5":0,"6":1,"7":1,"8":1,"9":1,"10":1,"11":0,"12":0,"13":0,"14":1,"15":1,"16":1,"17":1,"18":0,"19":0,"20":0,"21":1,"22":1},"f":{"0":1,"1":1,"2":1},"b":{},"_coverageSchema":"1a1c01bbd47fc00a2c39e90264f33305004495a9","hash":"6d87a9fda7178f10eae4e63a337c03d5a53dc939"}
,"/home/respinosa/proyectos/pruebas/react/prueba inditex - podcastlist/podcaster/src/utils/utils.js": {"path":"/home/respinosa/proyectos/pruebas/react/prueba inditex - podcastlist/podcaster/src/utils/utils.js","statementMap":{"0":{"start":{"line":2,"column":41},"end":{"line":12,"column":1}},"1":{"start":{"line":3,"column":16},"end":{"line":3,"column":35}},"2":{"start":{"line":4,"column":16},"end":{"line":4,"column":40}},"3":{"start":{"line":5,"column":2},"end":{"line":5,"column":36}},"4":{"start":{"line":6,"column":16},"end":{"line":6,"column":40}},"5":{"start":{"line":7,"column":2},"end":{"line":7,"column":15}},"6":{"start":{"line":9,"column":14},"end":{"line":9,"column":58}},"7":{"start":{"line":9,"column":25},"end":{"line":9,"column":58}},"8":{"start":{"line":11,"column":2},"end":{"line":11,"column":56}},"9":{"start":{"line":15,"column":27},"end":{"line":20,"column":4}},"10":{"start":{"line":16,"column":2},"end":{"line":20,"column":4}}},"fnMap":{"0":{"name":"(anonymous_0)","decl":{"start":{"line":2,"column":41},"end":{"line":2,"column":42}},"loc":{"start":{"line":2,"column":59},"end":{"line":12,"column":1}},"line":2},"1":{"name":"(anonymous_1)","decl":{"start":{"line":9,"column":14},"end":{"line":9,"column":15}},"loc":{"start":{"line":9,"column":25},"end":{"line":9,"column":58}},"line":9},"2":{"name":"(anonymous_2)","decl":{"start":{"line":15,"column":27},"end":{"line":15,"column":28}},"loc":{"start":{"line":16,"column":2},"end":{"line":20,"column":4}},"line":16}},"branchMap":{},"s":{"0":1,"1":3,"2":3,"3":3,"4":3,"5":3,"6":3,"7":9,"8":3,"9":1,"10":2},"f":{"0":3,"1":9,"2":2},"b":{},"_coverageSchema":"1a1c01bbd47fc00a2c39e90264f33305004495a9","hash":"9bb2d64e06bdd4db8bc1b114a31d825dcfc85ed3"}
}
